2022-12-27 21:19:29,958    DEBUG プログラム実行時間: 0
2022-12-27 21:19:30,387    DEBUG プログラム実行時間: 0.4842081069946289
2022-12-27 21:19:30,917    DEBUG プログラム実行時間: 0.9064948558807373
2022-12-27 21:19:31,386    DEBUG プログラム実行時間: 1.431715488433838
2022-12-27 21:19:31,893    DEBUG プログラム実行時間: 1.8958897590637207
2022-12-27 21:19:32,325    DEBUG プログラム実行時間: 2.3973302841186523
2022-12-27 21:19:32,741    DEBUG プログラム実行時間: 2.8245956897735596
2022-12-27 21:19:33,160    DEBUG プログラム実行時間: 3.2353501319885254
2022-12-27 21:19:33,653    DEBUG プログラム実行時間: 3.64985990524292
2022-12-27 21:19:34,078    DEBUG プログラム実行時間: 4.137960195541382
2022-12-27 21:19:34,677    DEBUG プログラム実行時間: 4.557602882385254
2022-12-27 21:19:35,176    DEBUG プログラム実行時間: 5.146760702133179
2022-12-27 21:19:35,785    DEBUG プログラム実行時間: 5.64080548286438
2022-12-27 21:19:36,222    DEBUG プログラム実行時間: 6.244446277618408
2022-12-27 21:19:36,687    DEBUG プログラム実行時間: 6.6770994663238525
2022-12-27 21:19:37,097    DEBUG プログラム実行時間: 7.137331485748291
2022-12-27 21:19:37,511    DEBUG プログラム実行時間: 7.542434453964233
2022-12-27 21:19:37,993    DEBUG プログラム実行時間: 7.95055365562439
2022-12-27 21:19:38,483    DEBUG プログラム実行時間: 8.426606893539429
2022-12-27 21:19:38,944    DEBUG プログラム実行時間: 8.910400390625
2022-12-27 21:19:39,355    DEBUG プログラム実行時間: 9.36578106880188
2022-12-27 21:19:39,767    DEBUG プログラム実行時間: 9.771839141845703
2022-12-27 21:19:40,245    DEBUG プログラム実行時間: 10.178430557250977
2022-12-27 21:19:40,697    DEBUG プログラム実行時間: 10.651274681091309
2022-12-27 21:19:41,127    DEBUG プログラム実行時間: 11.096841096878052
2022-12-27 21:19:41,587    DEBUG プログラム実行時間: 11.521574020385742
2022-12-27 21:19:42,072    DEBUG プログラム実行時間: 11.97735857963562
2022-12-27 21:19:42,489    DEBUG プログラム実行時間: 12.457045793533325
2022-12-27 21:19:42,902    DEBUG プログラム実行時間: 12.868744611740112
2022-12-27 21:19:43,337    DEBUG プログラム実行時間: 13.277236700057983
2022-12-27 21:19:43,762    DEBUG プログラム実行時間: 13.706624269485474
2022-12-27 21:19:44,321    DEBUG プログラム実行時間: 14.126741647720337
2022-12-27 21:19:44,774    DEBUG プログラム実行時間: 14.68066692352295
2022-12-27 21:19:45,219    DEBUG プログラム実行時間: 15.128795623779297
2022-12-27 21:19:45,725    DEBUG プログラム実行時間: 15.569756031036377
2022-12-27 21:19:46,157    DEBUG プログラム実行時間: 16.070605039596558
2022-12-27 21:19:46,611    DEBUG プログラム実行時間: 16.49662947654724
2022-12-27 21:21:01,945    DEBUG プログラム実行時間: 0
2022-12-27 21:21:02,403    DEBUG プログラム実行時間: 0.5328943729400635
2022-12-27 21:21:02,841    DEBUG プログラム実行時間: 0.9854369163513184
2022-12-27 21:21:03,284    DEBUG プログラム実行時間: 1.4188196659088135
2022-12-27 21:21:03,762    DEBUG プログラム実行時間: 1.8559794425964355
2022-12-27 21:21:04,197    DEBUG プログラム実行時間: 2.329800844192505
2022-12-27 21:21:04,599    DEBUG プログラム実行時間: 2.759195566177368
2022-12-27 21:21:05,130    DEBUG プログラム実行時間: 3.15632963180542
2022-12-27 21:21:05,606    DEBUG プログラム実行時間: 3.6821744441986084
2022-12-27 21:21:06,089    DEBUG プログラム実行時間: 4.1530702114105225
2022-12-27 21:21:06,564    DEBUG プログラム実行時間: 4.631300449371338
2022-12-27 21:23:07,359    DEBUG プログラム実行時間: 0
2022-12-27 21:23:07,974    DEBUG プログラム実行時間: 0.4876248836517334
2022-12-27 21:23:08,551    DEBUG プログラム実行時間: 1.028254747390747
2022-12-27 21:23:08,551    DEBUG ID:1, 人, 画素数:99719.0, 平均画素数:99719.0, 連続視認時間:0.5, 合計視認時間:0.5, 最後に見てからの経過時間:0.0
2022-12-27 21:23:09,101    DEBUG プログラム実行時間: 1.5537636280059814
2022-12-27 21:23:09,101    DEBUG ID:1, 人, 画素数:93508.0, 平均画素数:96613.5, 連続視認時間:1.1, 合計視認時間:1.1, 最後に見てからの経過時間:0.0
2022-12-27 21:23:09,637    DEBUG プログラム実行時間: 2.052306890487671
2022-12-27 21:23:09,637    DEBUG ID:1, 人, 画素数:86949.0, 平均画素数:93392.0, 連続視認時間:1.6, 合計視認時間:1.6, 最後に見てからの経過時間:0.0
2022-12-27 21:23:10,177    DEBUG プログラム実行時間: 2.5497219562530518
2022-12-27 21:23:10,177    DEBUG ID:1, 人, 画素数:94614.0, 平均画素数:93697.5, 連続視認時間:2.1, 合計視認時間:2.1, 最後に見てからの経過時間:0.0
2022-12-27 21:23:10,713    DEBUG プログラム実行時間: 3.032130241394043
2022-12-27 21:23:10,714    DEBUG ID:1, 人, 画素数:95404.0, 平均画素数:94038.8, 連続視認時間:2.5, 合計視認時間:2.5, 最後に見てからの経過時間:0.0
2022-12-27 21:23:11,279    DEBUG プログラム実行時間: 3.528721809387207
2022-12-27 21:23:11,279    DEBUG ID:1, 人, 画素数:95742.0, 平均画素数:94322.7, 連続視認時間:3.0, 合計視認時間:3.0, 最後に見てからの経過時間:0.0
2022-12-27 21:23:11,819    DEBUG プログラム実行時間: 4.04394006729126
2022-12-27 21:23:11,820    DEBUG ID:1, 人, 画素数:97063.0, 平均画素数:94714.1, 連続視認時間:3.6, 合計視認時間:3.6, 最後に見てからの経過時間:0.0
2022-12-27 21:23:12,359    DEBUG プログラム実行時間: 4.54443359375
2022-12-27 21:23:12,360    DEBUG ID:1, 人, 画素数:95596.0, 平均画素数:94824.4, 連続視認時間:4.1, 合計視認時間:4.1, 最後に見てからの経過時間:0.0
2022-12-27 21:23:12,887    DEBUG プログラム実行時間: 5.038512229919434
2022-12-27 21:23:12,888    DEBUG ID:1, 人, 画素数:93977.0, 平均画素数:94730.2, 連続視認時間:4.6, 合計視認時間:4.6, 最後に見てからの経過時間:0.0
2022-12-27 21:23:13,422    DEBUG プログラム実行時間: 5.529069662094116
2022-12-27 21:23:13,422    DEBUG ID:1, 人, 画素数:92503.0, 平均画素数:94507.5, 連続視認時間:5.0, 合計視認時間:5.0, 最後に見てからの経過時間:0.0
2022-12-27 21:23:13,966    DEBUG プログラム実行時間: 6.012605905532837
2022-12-27 21:23:13,967    DEBUG ID:1, 人, 画素数:90418.0, 平均画素数:94135.7, 連続視認時間:5.5, 合計視認時間:5.5, 最後に見てからの経過時間:0.0
2022-12-27 21:23:14,517    DEBUG プログラム実行時間: 6.5131871700286865
2022-12-27 21:23:14,518    DEBUG ID:1, 人, 画素数:91929.0, 平均画素数:93951.8, 連続視認時間:6.0, 合計視認時間:6.0, 最後に見てからの経過時間:0.0
2022-12-27 21:23:15,039    DEBUG プログラム実行時間: 7.0118865966796875
2022-12-27 21:23:15,039    DEBUG ID:1, 人, 画素数:90779.0, 平均画素数:93707.8, 連続視認時間:6.5, 合計視認時間:6.5, 最後に見てからの経過時間:0.0
2022-12-27 21:23:15,589    DEBUG プログラム実行時間: 7.494952201843262
2022-12-27 21:23:15,589    DEBUG ID:1, 人, 画素数:91077.0, 平均画素数:93519.9, 連続視認時間:7.0, 合計視認時間:7.0, 最後に見てからの経過時間:0.0
2022-12-27 21:23:16,133    DEBUG プログラム実行時間: 7.9939422607421875
2022-12-27 21:23:16,133    DEBUG ID:1, 人, 画素数:91292.0, 平均画素数:93371.3, 連続視認時間:7.5, 合計視認時間:7.5, 最後に見てからの経過時間:0.0
2022-12-27 21:23:16,646    DEBUG プログラム実行時間: 8.499262809753418
2022-12-27 21:23:16,647    DEBUG ID:1, 人, 画素数:91264.0, 平均画素数:93239.6, 連続視認時間:8.0, 合計視認時間:8.0, 最後に見てからの経過時間:0.0
2022-12-27 21:23:17,158    DEBUG プログラム実行時間: 8.969348907470703
2022-12-27 21:23:17,159    DEBUG ID:1, 人, 画素数:90682.0, 平均画素数:93089.2, 連続視認時間:8.5, 合計視認時間:8.5, 最後に見てからの経過時間:0.0
2022-12-27 21:23:17,695    DEBUG プログラム実行時間: 9.443177700042725
2022-12-27 21:23:17,695    DEBUG ID:1, 人, 画素数:90360.0, 平均画素数:92937.6, 連続視認時間:9.0, 合計視認時間:9.0, 最後に見てからの経過時間:0.0
2022-12-27 21:23:18,241    DEBUG プログラム実行時間: 9.935975551605225
2022-12-27 21:23:18,241    DEBUG ID:1, 人, 画素数:91105.0, 平均画素数:92841.1, 連続視認時間:9.4, 合計視認時間:9.4, 最後に見てからの経過時間:0.0
2022-12-27 21:23:18,772    DEBUG プログラム実行時間: 10.432960748672485
2022-12-27 21:23:18,773    DEBUG ID:1, 人, 画素数:90099.0, 平均画素数:92704.0, 連続視認時間:9.9, 合計視認時間:9.9, 最後に見てからの経過時間:0.0
2022-12-27 21:23:19,317    DEBUG プログラム実行時間: 10.910664081573486
2022-12-27 21:23:19,317    DEBUG ID:1, 人, 画素数:90290.0, 平均画素数:92589.0, 連続視認時間:10.4, 合計視認時間:10.4, 最後に見てからの経過時間:0.0
2022-12-27 21:23:19,844    DEBUG プログラム実行時間: 11.41267442703247
2022-12-27 21:23:19,844    DEBUG ID:1, 人, 画素数:90086.0, 平均画素数:92475.3, 連続視認時間:10.9, 合計視認時間:10.9, 最後に見てからの経過時間:0.0
2022-12-27 21:23:20,401    DEBUG プログラム実行時間: 11.900132894515991
2022-12-27 21:23:20,401    DEBUG ID:1, 人, 画素数:89374.0, 平均画素数:92340.4, 連続視認時間:11.4, 合計視認時間:11.4, 最後に見てからの経過時間:0.0
2022-12-27 21:23:20,938    DEBUG プログラム実行時間: 12.410611391067505
2022-12-27 21:23:20,938    DEBUG ID:1, 人, 画素数:89211.0, 平均画素数:92210.0, 連続視認時間:11.9, 合計視認時間:11.9, 最後に見てからの経過時間:0.0
2022-12-27 21:23:21,481    DEBUG プログラム実行時間: 12.911895751953125
2022-12-27 21:23:21,482    DEBUG ID:1, 人, 画素数:90087.0, 平均画素数:92125.1, 連続視認時間:12.4, 合計視認時間:12.4, 最後に見てからの経過時間:0.0
2022-12-27 21:23:22,010    DEBUG プログラム実行時間: 13.409462451934814
2022-12-27 21:23:22,011    DEBUG ID:1, 人, 画素数:92164.0, 平均画素数:92126.6, 連続視認時間:12.9, 合計視認時間:12.9, 最後に見てからの経過時間:0.0
2022-12-27 21:23:22,543    DEBUG プログラム実行時間: 13.897865295410156
2022-12-27 21:23:22,543    DEBUG ID:1, 人, 画素数:86705.0, 平均画素数:91925.8, 連続視認時間:13.4, 合計視認時間:13.4, 最後に見てからの経過時間:0.0
2022-12-27 21:23:23,043    DEBUG プログラム実行時間: 14.384720802307129
2022-12-27 21:23:23,043    DEBUG ID:1, 人, 画素数:86705.0, 平均画素数:91925.8, 連続視認時間:13.4, 合計視認時間:13.4, 最後に見てからの経過時間:0.5
2022-12-27 21:23:23,530    DEBUG プログラム実行時間: 14.906704187393188
2022-12-27 21:23:23,530    DEBUG ID:1, 人, 画素数:86705.0, 平均画素数:91925.8, 連続視認時間:13.4, 合計視認時間:13.4, 最後に見てからの経過時間:1.0
2022-12-27 21:23:24,039    DEBUG プログラム実行時間: 15.419495820999146
2022-12-27 21:23:24,040    DEBUG ID:1, 人, 画素数:86705.0, 平均画素数:91925.8, 連続視認時間:13.4, 合計視認時間:13.4, 最後に見てからの経過時間:1.5
2022-12-27 21:23:24,537    DEBUG プログラム実行時間: 15.947176218032837
2022-12-27 21:23:24,537    DEBUG ID:1, 人, 画素数:86705.0, 平均画素数:91925.8, 連続視認時間:13.4, 合計視認時間:13.4, 最後に見てからの経過時間:2.0
2022-12-27 21:23:25,015    DEBUG プログラム実行時間: 16.469617128372192
2022-12-27 21:23:25,015    DEBUG ID:1, 人, 画素数:86705.0, 平均画素数:91925.8, 連続視認時間:13.4, 合計視認時間:13.4, 最後に見てからの経過時間:2.6
2022-12-27 21:23:25,498    DEBUG プログラム実行時間: 16.973965883255005
2022-12-27 21:23:25,498    DEBUG ID:1, 人, 画素数:86705.0, 平均画素数:91925.8, 連続視認時間:13.4, 合計視認時間:13.4, 最後に見てからの経過時間:3.1
2022-12-27 21:23:25,971    DEBUG プログラム実行時間: 17.481329917907715
2022-12-27 21:23:25,971    DEBUG ID:1, 人, 画素数:86705.0, 平均画素数:91925.8, 連続視認時間:13.4, 合計視認時間:13.4, 最後に見てからの経過時間:3.6
2022-12-27 21:23:26,428    DEBUG プログラム実行時間: 17.969286680221558
2022-12-27 21:23:26,428    DEBUG ID:1, 人, 画素数:86705.0, 平均画素数:91925.8, 連続視認時間:13.4, 合計視認時間:13.4, 最後に見てからの経過時間:4.1
2022-12-27 21:23:26,840    DEBUG プログラム実行時間: 18.451611042022705
2022-12-27 21:23:26,841    DEBUG ID:1, 人, 画素数:86705.0, 平均画素数:91925.8, 連続視認時間:13.4, 合計視認時間:13.4, 最後に見てからの経過時間:4.6
2022-12-27 21:23:27,277    DEBUG プログラム実行時間: 18.889915943145752
2022-12-27 21:23:27,278    DEBUG ID:1, 人, 画素数:86705.0, 平均画素数:91925.8, 連続視認時間:13.4, 合計視認時間:13.4, 最後に見てからの経過時間:5.0
2022-12-27 21:23:27,692    DEBUG プログラム実行時間: 19.35195779800415
2022-12-27 21:23:27,693    DEBUG ID:1, 人, 画素数:86705.0, 平均画素数:91925.8, 連続視認時間:13.4, 合計視認時間:13.4, 最後に見てからの経過時間:5.5
2022-12-27 21:23:28,131    DEBUG プログラム実行時間: 19.79290223121643
2022-12-27 21:23:28,132    DEBUG ID:1, 人, 画素数:86705.0, 平均画素数:91925.8, 連続視認時間:13.4, 合計視認時間:13.4, 最後に見てからの経過時間:5.9
2022-12-27 21:23:28,531    DEBUG プログラム実行時間: 20.258829593658447
2022-12-27 21:23:28,531    DEBUG ID:1, 人, 画素数:86705.0, 平均画素数:91925.8, 連続視認時間:13.4, 合計視認時間:13.4, 最後に見てからの経過時間:6.4
2022-12-27 21:23:28,934    DEBUG プログラム実行時間: 20.684358835220337
2022-12-27 21:23:28,935    DEBUG ID:1, 人, 画素数:86705.0, 平均画素数:91925.8, 連続視認時間:13.4, 合計視認時間:13.4, 最後に見てからの経過時間:6.8
2022-12-27 21:23:29,342    DEBUG プログラム実行時間: 21.113954782485962
2022-12-27 21:23:29,342    DEBUG ID:1, 人, 画素数:86705.0, 平均画素数:91925.8, 連続視認時間:13.4, 合計視認時間:13.4, 最後に見てからの経過時間:7.2
2022-12-27 21:23:29,758    DEBUG プログラム実行時間: 21.547194004058838
2022-12-27 21:23:29,759    DEBUG ID:1, 人, 画素数:86705.0, 平均画素数:91925.8, 連続視認時間:13.4, 合計視認時間:13.4, 最後に見てからの経過時間:7.6
2022-12-27 21:23:30,216    DEBUG プログラム実行時間: 21.98917555809021
2022-12-27 21:23:30,217    DEBUG ID:1, 人, 画素数:35973.0, 平均画素数:89927.5, 連続視認時間:0.4, 合計視認時間:13.9, 最後に見てからの経過時間:0.0
2022-12-27 21:23:30,696    DEBUG プログラム実行時間: 22.40982699394226
2022-12-27 21:23:30,697    DEBUG ID:1, 人, 画素数:86079.0, 平均画素数:89794.8, 連続視認時間:0.9, 合計視認時間:14.3, 最後に見てからの経過時間:0.0
2022-12-27 21:23:31,359    DEBUG プログラム実行時間: 22.833301544189453
2022-12-27 21:23:31,360    DEBUG ID:1, 人, 画素数:78985.0, 平均画素数:89434.5, 連続視認時間:1.3, 合計視認時間:14.7, 最後に見てからの経過時間:0.0
2022-12-27 21:23:31,943    DEBUG プログラム実行時間: 23.435179471969604
2022-12-27 21:23:31,944    DEBUG ID:1, 人, 画素数:77361.0, 平均画素数:89045.0, 連続視認時間:1.9, 合計視認時間:15.3, 最後に見てからの経過時間:0.0
2022-12-27 21:23:32,539    DEBUG プログラム実行時間: 23.973413944244385
2022-12-27 21:23:32,540    DEBUG ID:1, 人, 画素数:76414.0, 平均画素数:88650.3, 連続視認時間:2.4, 合計視認時間:15.8, 最後に見てからの経過時間:0.0
2022-12-27 21:23:33,027    DEBUG プログラム実行時間: 24.506959915161133
2022-12-27 21:23:33,027    DEBUG ID:1, 人, 画素数:76414.0, 平均画素数:88650.3, 連続視認時間:2.4, 合計視認時間:15.8, 最後に見てからの経過時間:0.5
2022-12-27 21:23:33,501    DEBUG プログラム実行時間: 25.078099489212036
2022-12-27 21:23:33,501    DEBUG ID:1, 人, 画素数:80574.0, 平均画素数:88405.5, 連続視認時間:0.6, 合計視認時間:16.4, 最後に見てからの経過時間:0.0
2022-12-27 21:23:34,068    DEBUG プログラム実行時間: 25.507535934448242
2022-12-27 21:23:34,069    DEBUG ID:1, 人, 画素数:84640.0, 平均画素数:88294.8, 連続視認時間:1.0, 合計視認時間:16.8, 最後に見てからの経過時間:0.0
2022-12-27 21:23:34,602    DEBUG プログラム実行時間: 26.0368230342865
2022-12-27 21:23:34,602    DEBUG ID:1, 人, 画素数:86569.0, 平均画素数:88245.5, 連続視認時間:1.5, 合計視認時間:17.4, 最後に見てからの経過時間:0.0
2022-12-27 21:23:35,175    DEBUG プログラム実行時間: 26.525770664215088
2022-12-27 21:23:35,175    DEBUG ID:1, 人, 画素数:81906.0, 平均画素数:88069.4, 連続視認時間:2.0, 合計視認時間:17.9, 最後に見てからの経過時間:0.0
2022-12-27 21:23:35,720    DEBUG プログラム実行時間: 27.05568265914917
2022-12-27 21:23:35,721    DEBUG ID:1, 人, 画素数:86910.0, 平均画素数:88038.1, 連続視認時間:2.5, 合計視認時間:18.4, 最後に見てからの経過時間:0.0
2022-12-27 21:23:36,196    DEBUG プログラム実行時間: 27.564603328704834
2022-12-27 21:23:36,197    DEBUG ID:1, 人, 画素数:79542.0, 平均画素数:87814.5, 連続視認時間:3.1, 合計視認時間:18.9, 最後に見てからの経過時間:0.0
2022-12-27 21:23:36,695    DEBUG プログラム実行時間: 28.005814790725708
2022-12-27 21:23:36,695    DEBUG ID:1, 人, 画素数:76702.0, 平均画素数:87529.5, 連続視認時間:3.5, 合計視認時間:19.3, 最後に見てからの経過時間:0.0
2022-12-27 21:23:37,263    DEBUG プログラム実行時間: 28.466163873672485
2022-12-27 21:23:37,264    DEBUG ID:1, 人, 画素数:80170.0, 平均画素数:87345.5, 連続視認時間:4.0, 合計視認時間:19.8, 最後に見てからの経過時間:0.0
2022-12-27 21:23:37,766    DEBUG プログラム実行時間: 28.984887838363647
2022-12-27 21:23:37,767    DEBUG ID:1, 人, 画素数:16127.0, 平均画素数:85608.5, 連続視認時間:4.5, 合計視認時間:20.3, 最後に見てからの経過時間:0.0
2022-12-27 21:23:38,325    DEBUG プログラム実行時間: 29.450153827667236
2022-12-27 21:23:38,326    DEBUG ID:1, 人, 画素数:14618.0, 平均画素数:83918.3, 連続視認時間:4.9, 合計視認時間:20.8, 最後に見てからの経過時間:0.0
2022-12-27 21:23:38,326    DEBUG ID:4, 携帯電話, 画素数:14618.0, 平均画素数:14618.0, 連続視認時間:0.5, 合計視認時間:0.5, 最後に見てからの経過時間:0.0
2022-12-27 21:23:38,866    DEBUG プログラム実行時間: 29.96123456954956
2022-12-27 21:23:38,867    DEBUG ID:1, 人, 画素数:15163.0, 平均画素数:82319.3, 連続視認時間:5.5, 合計視認時間:21.3, 最後に見てからの経過時間:0.0
2022-12-27 21:23:38,867    DEBUG ID:4, 携帯電話, 画素数:15163.0, 平均画素数:14890.5, 連続視認時間:1.0, 合計視認時間:1.0, 最後に見てからの経過時間:0.0
2022-12-27 21:23:39,399    DEBUG プログラム実行時間: 30.44535756111145
2022-12-27 21:23:39,400    DEBUG ID:1, 人, 画素数:14455.0, 平均画素数:80776.9, 連続視認時間:5.9, 合計視認時間:21.8, 最後に見てからの経過時間:0.0
2022-12-27 21:23:39,400    DEBUG ID:4, 携帯電話, 画素数:14455.0, 平均画素数:14745.3, 連続視認時間:1.5, 合計視認時間:1.5, 最後に見てからの経過時間:0.0
2022-12-27 21:23:39,991    DEBUG プログラム実行時間: 30.91014266014099
2022-12-27 21:23:39,992    DEBUG ID:1, 人, 画素数:73204.0, 平均画素数:80608.6, 連続視認時間:6.4, 合計視認時間:22.2, 最後に見てからの経過時間:0.0
2022-12-27 21:23:39,992    DEBUG ID:4, 携帯電話, 画素数:73204.0, 平均画素数:29360.0, 連続視認時間:1.9, 合計視認時間:1.9, 最後に見てからの経過時間:0.0
2022-12-27 21:23:40,506    DEBUG プログラム実行時間: 31.43232274055481
2022-12-27 21:23:40,506    DEBUG ID:1, 人, 画素数:14303.0, 平均画素数:79167.2, 連続視認時間:6.9, 合計視認時間:22.8, 最後に見てからの経過時間:0.0
2022-12-27 21:23:40,506    DEBUG ID:4, 携帯電話, 画素数:14303.0, 平均画素数:26348.6, 連続視認時間:2.4, 合計視認時間:2.4, 最後に見てからの経過時間:0.0
2022-12-27 21:23:40,996    DEBUG プログラム実行時間: 31.879960298538208
2022-12-27 21:23:40,997    DEBUG ID:1, 人, 画素数:14436.0, 平均画素数:77790.0, 連続視認時間:7.4, 合計視認時間:23.2, 最後に見てからの経過時間:0.0
2022-12-27 21:23:40,997    DEBUG ID:4, 携帯電話, 画素数:14436.0, 平均画素数:24363.2, 連続視認時間:2.9, 合計視認時間:2.9, 最後に見てからの経過時間:0.0
2022-12-27 21:23:41,527    DEBUG プログラム実行時間: 32.322253942489624
2022-12-27 21:23:41,528    DEBUG ID:1, 人, 画素数:13891.0, 平均画素数:76458.7, 連続視認時間:7.8, 合計視認時間:23.7, 最後に見てからの経過時間:0.0
2022-12-27 21:23:41,528    DEBUG ID:4, 携帯電話, 画素数:13891.0, 平均画素数:22867.1, 連続視認時間:3.3, 合計視認時間:3.3, 最後に見てからの経過時間:0.0
2022-12-27 21:23:42,095    DEBUG プログラム実行時間: 32.80514121055603
2022-12-27 21:23:42,096    DEBUG ID:1, 人, 画素数:12870.0, 平均画素数:75161.0, 連続視認時間:8.3, 合計視認時間:24.1, 最後に見てからの経過時間:0.0
2022-12-27 21:23:42,096    DEBUG ID:4, 携帯電話, 画素数:12870.0, 平均画素数:21617.5, 連続視認時間:3.8, 合計視認時間:3.8, 最後に見てからの経過時間:0.0
2022-12-27 21:23:42,619    DEBUG プログラム実行時間: 33.324252128601074
2022-12-27 21:23:42,620    DEBUG ID:1, 人, 画素数:12020.0, 平均画素数:73898.2, 連続視認時間:8.8, 合計視認時間:24.7, 最後に見てからの経過時間:0.0
2022-12-27 21:23:42,620    DEBUG ID:4, 携帯電話, 画素数:12020.0, 平均画素数:20551.1, 連続視認時間:4.3, 合計視認時間:4.3, 最後に見てからの経過時間:0.0
2022-12-27 21:23:43,146    DEBUG プログラム実行時間: 33.77841353416443
2022-12-27 21:23:43,146    DEBUG ID:1, 人, 画素数:12252.0, 平均画素数:72689.4, 連続視認時間:9.3, 合計視認時間:25.1, 最後に見てからの経過時間:0.0
2022-12-27 21:23:43,146    DEBUG ID:4, 携帯電話, 画素数:12252.0, 平均画素数:19721.2, 連続視認時間:4.8, 合計視認時間:4.8, 最後に見てからの経過時間:0.0
2022-12-27 21:23:43,645    DEBUG プログラム実行時間: 34.256211042404175
2022-12-27 21:23:43,645    DEBUG ID:1, 人, 画素数:12184.0, 平均画素数:71525.9, 連続視認時間:9.7, 合計視認時間:25.6, 最後に見てからの経過時間:0.0
2022-12-27 21:23:43,645    DEBUG ID:4, 携帯電話, 画素数:12184.0, 平均画素数:19036.0, 連続視認時間:5.3, 合計視認時間:5.3, 最後に見てからの経過時間:0.0
2022-12-27 21:23:44,372    DEBUG プログラム実行時間: 34.70066499710083
2022-12-27 21:23:44,373    DEBUG ID:1, 人, 画素数:12658.0, 平均画素数:70415.1, 連続視認時間:10.2, 合計視認時間:26.0, 最後に見てからの経過時間:0.0
2022-12-27 21:23:44,373    DEBUG ID:4, 携帯電話, 画素数:12658.0, 平均画素数:18504.5, 連続視認時間:5.7, 合計視認時間:5.7, 最後に見てからの経過時間:0.0
2022-12-27 21:23:44,866    DEBUG プログラム実行時間: 35.32816028594971
2022-12-27 21:23:44,867    DEBUG ID:1, 人, 画素数:11852.0, 平均画素数:69330.6, 連続視認時間:10.8, 合計視認時間:26.7, 最後に見てからの経過時間:0.0
2022-12-27 21:23:44,867    DEBUG ID:4, 携帯電話, 画素数:11852.0, 平均画素数:17992.8, 連続視認時間:6.3, 合計視認時間:6.3, 最後に見てからの経過時間:0.0
2022-12-27 21:23:45,449    DEBUG プログラム実行時間: 35.77380037307739
2022-12-27 21:23:45,450    DEBUG ID:1, 人, 画素数:11990.0, 平均画素数:68288.1, 連続視認時間:11.3, 合計視認時間:27.1, 最後に見てからの経過時間:0.0
2022-12-27 21:23:45,450    DEBUG ID:4, 携帯電話, 画素数:11990.0, 平均画素数:17564.0, 連続視認時間:6.8, 合計視認時間:6.8, 最後に見てからの経過時間:0.0
2022-12-27 21:23:46,015    DEBUG プログラム実行時間: 36.28805994987488
2022-12-27 21:23:46,016    DEBUG ID:1, 人, 画素数:12421.0, 平均画素数:67290.5, 連続視認時間:11.8, 合計視認時間:27.6, 最後に見てからの経過時間:0.0
2022-12-27 21:23:46,016    DEBUG ID:4, 携帯電話, 画素数:12421.0, 平均画素数:17221.1, 連続視認時間:7.3, 合計視認時間:7.3, 最後に見てからの経過時間:0.0
2022-12-27 21:23:46,583    DEBUG プログラム実行時間: 36.80606555938721
2022-12-27 21:23:46,584    DEBUG ID:1, 人, 画素数:12224.0, 平均画素数:66324.4, 連続視認時間:12.3, 合計視認時間:28.1, 最後に見てからの経過時間:0.0
2022-12-27 21:23:46,584    DEBUG ID:4, 携帯電話, 画素数:12224.0, 平均画素数:16908.8, 連続視認時間:7.8, 合計視認時間:7.8, 最後に見てからの経過時間:0.0
2022-12-27 21:23:47,152    DEBUG プログラム実行時間: 37.325711727142334
2022-12-27 21:23:47,152    DEBUG ID:1, 人, 画素数:12512.0, 平均画素数:65396.6, 連続視認時間:12.8, 合計視認時間:28.7, 最後に見てからの経過時間:0.0
2022-12-27 21:23:47,153    DEBUG ID:4, 携帯電話, 画素数:12512.0, 平均画素数:16650.2, 連続視認時間:8.3, 合計視認時間:8.3, 最後に見てからの経過時間:0.0
2022-12-27 21:23:47,681    DEBUG プログラム実行時間: 37.82732605934143
2022-12-27 21:23:47,681    DEBUG ID:1, 人, 画素数:11956.0, 平均画素数:64490.8, 連続視認時間:13.3, 合計視認時間:29.2, 最後に見てからの経過時間:0.0
2022-12-27 21:23:47,681    DEBUG ID:4, 携帯電話, 画素数:11956.0, 平均画素数:16389.4, 連続視認時間:8.8, 合計視認時間:8.8, 最後に見てからの経過時間:0.0
2022-12-27 21:23:48,172    DEBUG プログラム実行時間: 38.30821871757507
2022-12-27 21:23:48,172    DEBUG ID:1, 人, 画素数:12857.0, 平均画素数:63630.2, 連続視認時間:13.8, 合計視認時間:29.6, 最後に見てからの経過時間:0.0
2022-12-27 21:23:48,172    DEBUG ID:4, 携帯電話, 画素数:12857.0, 平均画素数:16203.5, 連続視認時間:9.3, 合計視認時間:9.3, 最後に見てからの経過時間:0.0
2022-12-27 21:23:48,740    DEBUG プログラム実行時間: 38.75126791000366
2022-12-27 21:23:48,741    DEBUG ID:1, 人, 画素数:12809.0, 平均画素数:62797.1, 連続視認時間:14.2, 合計視認時間:30.1, 最後に見てからの経過時間:0.0
2022-12-27 21:23:48,741    DEBUG ID:4, 携帯電話, 画素数:12809.0, 平均画素数:16033.8, 連続視認時間:9.8, 合計視認時間:9.8, 最後に見てからの経過時間:0.0
2022-12-27 21:23:49,291    DEBUG プログラム実行時間: 39.27123403549194
2022-12-27 21:23:49,291    DEBUG ID:1, 人, 画素数:81167.0, 平均画素数:63093.4, 連続視認時間:14.8, 合計視認時間:30.6, 最後に見てからの経過時間:0.0
2022-12-27 21:23:49,291    DEBUG ID:4, 携帯電話, 画素数:81167.0, 平均画素数:19135.3, 連続視認時間:10.3, 合計視認時間:10.3, 最後に見てからの経過時間:0.0
2022-12-27 21:23:49,809    DEBUG プログラム実行時間: 39.721076250076294
2022-12-27 21:23:49,810    DEBUG ID:1, 人, 画素数:81449.0, 平均画素数:63384.8, 連続視認時間:15.2, 合計視認時間:31.1, 最後に見てからの経過時間:0.0
2022-12-27 21:23:49,810    DEBUG ID:4, 携帯電話, 画素数:81167.0, 平均画素数:19135.3, 連続視認時間:10.3, 合計視認時間:10.3, 最後に見てからの経過時間:0.4
2022-12-27 21:23:50,385    DEBUG プログラム実行時間: 40.202462911605835
2022-12-27 21:23:50,385    DEBUG ID:1, 人, 画素数:89505.0, 平均画素数:63792.9, 連続視認時間:15.7, 合計視認時間:31.5, 最後に見てからの経過時間:0.0
2022-12-27 21:23:50,385    DEBUG ID:4, 携帯電話, 画素数:81167.0, 平均画素数:19135.3, 連続視認時間:10.3, 合計視認時間:10.3, 最後に見てからの経過時間:0.9
2022-12-27 21:23:50,856    DEBUG プログラム実行時間: 40.73562431335449
2022-12-27 21:23:50,856    DEBUG ID:1, 人, 画素数:86191.0, 平均画素数:64137.5, 連続視認時間:16.2, 合計視認時間:32.1, 最後に見てからの経過時間:0.0
2022-12-27 21:23:50,856    DEBUG ID:4, 携帯電話, 画素数:81167.0, 平均画素数:19135.3, 連続視認時間:10.3, 合計視認時間:10.3, 最後に見てからの経過時間:1.5
2022-12-27 21:23:51,475    DEBUG プログラム実行時間: 41.16818022727966
2022-12-27 21:23:51,475    DEBUG ID:1, 人, 画素数:83862.0, 平均画素数:64436.3, 連続視認時間:16.7, 合計視認時間:32.5, 最後に見てからの経過時間:0.0
2022-12-27 21:23:51,475    DEBUG ID:4, 携帯電話, 画素数:81167.0, 平均画素数:19135.3, 連続視認時間:10.3, 合計視認時間:10.3, 最後に見てからの経過時間:1.9
2022-12-27 21:23:51,948    DEBUG プログラム実行時間: 41.746049642562866
2022-12-27 21:23:51,948    DEBUG ID:1, 人, 画素数:85551.0, 平均画素数:64751.5, 連続視認時間:17.2, 合計視認時間:33.1, 最後に見てからの経過時間:0.0
2022-12-27 21:23:51,948    DEBUG ID:4, 携帯電話, 画素数:81167.0, 平均画素数:19135.3, 連続視認時間:10.3, 合計視認時間:10.3, 最後に見てからの経過時間:2.5
2022-12-27 21:23:52,475    DEBUG プログラム実行時間: 42.178828716278076
2022-12-27 21:23:52,476    DEBUG ID:1, 人, 画素数:86058.0, 平均画素数:65064.8, 連続視認時間:17.7, 合計視認時間:33.5, 最後に見てからの経過時間:0.0
2022-12-27 21:23:52,476    DEBUG ID:4, 携帯電話, 画素数:81167.0, 平均画素数:19135.3, 連続視認時間:10.3, 合計視認時間:10.3, 最後に見てからの経過時間:2.9
2022-12-27 21:23:52,992    DEBUG プログラム実行時間: 42.645588397979736
2022-12-27 21:23:52,992    DEBUG ID:1, 人, 画素数:85319.0, 平均画素数:65358.3, 連続視認時間:18.1, 合計視認時間:34.0, 最後に見てからの経過時間:0.0
2022-12-27 21:23:52,993    DEBUG ID:4, 携帯電話, 画素数:81167.0, 平均画素数:19135.3, 連続視認時間:10.3, 合計視認時間:10.3, 最後に見てからの経過時間:3.4
2022-12-27 21:23:53,547    DEBUG プログラム実行時間: 43.124035120010376
2022-12-27 21:23:53,547    DEBUG ID:1, 人, 画素数:85368.0, 平均画素数:65644.2, 連続視認時間:18.6, 合計視認時間:34.5, 最後に見てからの経過時間:0.0
2022-12-27 21:23:53,548    DEBUG ID:4, 携帯電話, 画素数:81167.0, 平均画素数:19135.3, 連続視認時間:10.3, 合計視認時間:10.3, 最後に見てからの経過時間:3.9
2022-12-27 21:23:54,035    DEBUG プログラム実行時間: 43.642152309417725
2022-12-27 21:23:54,036    DEBUG ID:1, 人, 画素数:84963.0, 平均画素数:65916.3, 連続視認時間:19.1, 合計視認時間:35.0, 最後に見てからの経過時間:0.0
2022-12-27 21:23:54,036    DEBUG ID:4, 携帯電話, 画素数:81167.0, 平均画素数:19135.3, 連続視認時間:10.3, 合計視認時間:10.3, 最後に見てからの経過時間:4.4
2022-12-27 21:23:54,615    DEBUG プログラム実行時間: 44.09091520309448
2022-12-27 21:23:54,615    DEBUG ID:1, 人, 画素数:85311.0, 平均画素数:66185.7, 連続視認時間:19.6, 合計視認時間:35.4, 最後に見てからの経過時間:0.0
2022-12-27 21:23:54,615    DEBUG ID:4, 携帯電話, 画素数:81167.0, 平均画素数:19135.3, 連続視認時間:10.3, 合計視認時間:10.3, 最後に見てからの経過時間:4.8
2022-12-27 21:23:55,132    DEBUG プログラム実行時間: 44.60604286193848
2022-12-27 21:23:55,132    DEBUG ID:1, 人, 画素数:90489.0, 平均画素数:66518.6, 連続視認時間:20.1, 合計視認時間:35.9, 最後に見てからの経過時間:0.0
2022-12-27 21:23:55,132    DEBUG ID:4, 携帯電話, 画素数:81167.0, 平均画素数:19135.3, 連続視認時間:10.3, 合計視認時間:10.3, 最後に見てからの経過時間:5.3
2022-12-27 21:23:55,733    DEBUG プログラム実行時間: 45.0820746421814
2022-12-27 21:23:55,733    DEBUG ID:1, 人, 画素数:86819.0, 平均画素数:66792.9, 連続視認時間:20.6, 合計視認時間:36.4, 最後に見てからの経過時間:0.0
2022-12-27 21:23:55,733    DEBUG ID:4, 携帯電話, 画素数:81167.0, 平均画素数:19135.3, 連続視認時間:10.3, 合計視認時間:10.3, 最後に見てからの経過時間:5.8
2022-12-27 21:23:56,232    DEBUG プログラム実行時間: 45.60875129699707
2022-12-27 21:23:56,232    DEBUG ID:1, 人, 画素数:85054.0, 平均画素数:67036.4, 連続視認時間:21.1, 合計視認時間:36.9, 最後に見てからの経過時間:0.0
2022-12-27 21:23:56,232    DEBUG ID:4, 携帯電話, 画素数:81167.0, 平均画素数:19135.3, 連続視認時間:10.3, 合計視認時間:10.3, 最後に見てからの経過時間:6.3
2022-12-27 21:23:56,772    DEBUG プログラム実行時間: 46.0713210105896
2022-12-27 21:23:56,772    DEBUG ID:1, 人, 画素数:85417.0, 平均画素数:67278.2, 連続視認時間:21.6, 合計視認時間:37.4, 最後に見てからの経過時間:0.0
2022-12-27 21:23:56,772    DEBUG ID:4, 携帯電話, 画素数:81167.0, 平均画素数:19135.3, 連続視認時間:10.3, 合計視認時間:10.3, 最後に見てからの経過時間:6.8
2022-12-27 21:23:57,358    DEBUG プログラム実行時間: 46.5585880279541
2022-12-27 21:23:57,358    DEBUG ID:1, 人, 画素数:85641.0, 平均画素数:67516.7, 連続視認時間:22.1, 合計視認時間:37.9, 最後に見てからの経過時間:0.0
2022-12-27 21:23:57,358    DEBUG ID:4, 携帯電話, 画素数:81167.0, 平均画素数:19135.3, 連続視認時間:10.3, 合計視認時間:10.3, 最後に見てからの経過時間:7.3
2022-12-27 21:23:57,901    DEBUG プログラム実行時間: 47.04973745346069
2022-12-27 21:23:57,902    DEBUG ID:1, 人, 画素数:89763.0, 平均画素数:67801.9, 連続視認時間:22.5, 合計視認時間:38.4, 最後に見てからの経過時間:0.0
2022-12-27 21:23:57,902    DEBUG ID:4, 携帯電話, 画素数:81167.0, 平均画素数:19135.3, 連続視認時間:10.3, 合計視認時間:10.3, 最後に見てからの経過時間:7.8
2022-12-27 21:23:58,375    DEBUG プログラム実行時間: 47.52952742576599
2022-12-27 21:23:58,376    DEBUG ID:1, 人, 画素数:85782.0, 平均画素数:68029.5, 連続視認時間:23.0, 合計視認時間:38.9, 最後に見てからの経過時間:0.0
2022-12-27 21:23:58,376    DEBUG ID:4, 携帯電話, 画素数:81167.0, 平均画素数:19135.3, 連続視認時間:10.3, 合計視認時間:10.3, 最後に見てからの経過時間:8.3
2022-12-27 21:23:58,878    DEBUG プログラム実行時間: 47.965874910354614
2022-12-27 21:23:58,879    DEBUG ID:1, 人, 画素数:84629.0, 平均画素数:68237.0, 連続視認時間:23.5, 合計視認時間:39.3, 最後に見てからの経過時間:0.0
2022-12-27 21:23:58,879    DEBUG ID:4, 携帯電話, 画素数:81167.0, 平均画素数:19135.3, 連続視認時間:10.3, 合計視認時間:10.3, 最後に見てからの経過時間:8.7
2022-12-27 21:23:59,406    DEBUG プログラム実行時間: 48.43169569969177
2022-12-27 21:23:59,406    DEBUG ID:1, 人, 画素数:83416.0, 平均画素数:68424.4, 連続視認時間:23.9, 合計視認時間:39.8, 最後に見てからの経過時間:0.0
2022-12-27 21:23:59,407    DEBUG ID:4, 携帯電話, 画素数:81167.0, 平均画素数:19135.3, 連続視認時間:10.3, 合計視認時間:10.3, 最後に見てからの経過時間:9.2
2022-12-27 21:23:59,891    DEBUG プログラム実行時間: 48.90776038169861
2022-12-27 21:23:59,891    DEBUG ID:1, 人, 画素数:83552.0, 平均画素数:68608.9, 連続視認時間:24.4, 合計視認時間:40.2, 最後に見てからの経過時間:0.0
2022-12-27 21:23:59,891    DEBUG ID:4, 携帯電話, 画素数:81167.0, 平均画素数:19135.3, 連続視認時間:10.3, 合計視認時間:10.3, 最後に見てからの経過時間:9.6
2022-12-27 21:24:00,359    DEBUG プログラム実行時間: 49.34942126274109
2022-12-27 21:24:00,360    DEBUG ID:1, 人, 画素数:87511.0, 平均画素数:68836.6, 連続視認時間:24.8, 合計視認時間:40.7, 最後に見てからの経過時間:0.0
2022-12-27 21:24:00,360    DEBUG ID:4, 携帯電話, 画素数:81167.0, 平均画素数:19135.3, 連続視認時間:10.3, 合計視認時間:10.3, 最後に見てからの経過時間:10.1
2022-12-27 21:24:00,876    DEBUG プログラム実行時間: 49.780484199523926
2022-12-27 21:24:00,876    DEBUG ID:1, 人, 画素数:91206.0, 平均画素数:69102.9, 連続視認時間:25.3, 合計視認時間:41.1, 最後に見てからの経過時間:0.0
2022-12-27 21:24:00,876    DEBUG ID:4, 携帯電話, 画素数:81167.0, 平均画素数:19135.3, 連続視認時間:10.3, 合計視認時間:10.3, 最後に見てからの経過時間:10.5
2022-12-27 21:24:01,488    DEBUG プログラム実行時間: 50.23900842666626
2022-12-27 21:24:01,488    DEBUG ID:1, 人, 画素数:90922.0, 平均画素数:69359.6, 連続視認時間:25.7, 合計視認時間:41.6, 最後に見てからの経過時間:0.0
2022-12-27 21:24:01,488    DEBUG ID:4, 携帯電話, 画素数:81167.0, 平均画素数:19135.3, 連続視認時間:10.3, 合計視認時間:10.3, 最後に見てからの経過時間:11.0
2022-12-27 21:24:02,036    DEBUG プログラム実行時間: 50.79267072677612
2022-12-27 21:24:02,037    DEBUG ID:1, 人, 画素数:89994.0, 平均画素数:69599.6, 連続視認時間:26.3, 合計視認時間:42.1, 最後に見てからの経過時間:0.0
2022-12-27 21:24:02,037    DEBUG ID:4, 携帯電話, 画素数:81167.0, 平均画素数:19135.3, 連続視認時間:10.3, 合計視認時間:10.3, 最後に見てからの経過時間:11.5
2022-12-27 21:24:02,572    DEBUG プログラム実行時間: 51.255722999572754
2022-12-27 21:24:02,573    DEBUG ID:1, 人, 画素数:87234.0, 平均画素数:69802.3, 連続視認時間:26.7, 合計視認時間:42.6, 最後に見てからの経過時間:0.0
2022-12-27 21:24:02,573    DEBUG ID:4, 携帯電話, 画素数:81167.0, 平均画素数:19135.3, 連続視認時間:10.3, 合計視認時間:10.3, 最後に見てからの経過時間:12.0
2022-12-27 21:24:03,046    DEBUG プログラム実行時間: 51.75325274467468
2022-12-27 21:24:03,046    DEBUG ID:1, 人, 画素数:86612.0, 平均画素数:69993.3, 連続視認時間:27.2, 合計視認時間:43.1, 最後に見てからの経過時間:0.0
2022-12-27 21:24:03,047    DEBUG ID:4, 携帯電話, 画素数:81167.0, 平均画素数:19135.3, 連続視認時間:10.3, 合計視認時間:10.3, 最後に見てからの経過時間:12.5
2022-12-27 21:24:03,541    DEBUG プログラム実行時間: 52.179938316345215
2022-12-27 21:24:03,542    DEBUG ID:1, 人, 画素数:87680.0, 平均画素数:70192.0, 連続視認時間:27.7, 合計視認時間:43.5, 最後に見てからの経過時間:0.0
2022-12-27 21:24:03,542    DEBUG ID:4, 携帯電話, 画素数:81167.0, 平均画素数:19135.3, 連続視認時間:10.3, 合計視認時間:10.3, 最後に見てからの経過時間:12.9
2022-12-27 21:24:04,205    DEBUG プログラム実行時間: 52.63790678977966
2022-12-27 21:24:04,206    DEBUG ID:1, 人, 画素数:87342.0, 平均画素数:70382.6, 連続視認時間:28.1, 合計視認時間:44.0, 最後に見てからの経過時間:0.0
2022-12-27 21:24:04,206    DEBUG ID:4, 携帯電話, 画素数:81167.0, 平均画素数:19135.3, 連続視認時間:10.3, 合計視認時間:10.3, 最後に見てからの経過時間:13.4
2022-12-27 21:24:04,719    DEBUG プログラム実行時間: 53.212090253829956
2022-12-27 21:24:04,720    DEBUG ID:1, 人, 画素数:84907.0, 平均画素数:70542.2, 連続視認時間:28.7, 合計視認時間:44.5, 最後に見てからの経過時間:0.0
2022-12-27 21:24:04,720    DEBUG ID:4, 携帯電話, 画素数:81167.0, 平均画素数:19135.3, 連続視認時間:10.3, 合計視認時間:10.3, 最後に見てからの経過時間:13.9
2022-12-27 21:24:05,200    DEBUG プログラム実行時間: 53.64105582237244
2022-12-27 21:24:05,201    DEBUG ID:1, 人, 画素数:87788.0, 平均画素数:70729.6, 連続視認時間:29.1, 合計視認時間:45.0, 最後に見てからの経過時間:0.0
2022-12-27 21:24:05,201    DEBUG ID:4, 携帯電話, 画素数:81167.0, 平均画素数:19135.3, 連続視認時間:10.3, 合計視認時間:10.3, 最後に見てからの経過時間:14.4
2022-12-27 21:24:05,779    DEBUG プログラム実行時間: 54.07272291183472
2022-12-27 21:24:05,779    DEBUG ID:1, 人, 画素数:86943.0, 平均画素数:70904.0, 連続視認時間:29.6, 合計視認時間:45.4, 最後に見てからの経過時間:0.0
2022-12-27 21:24:05,779    DEBUG ID:4, 携帯電話, 画素数:81167.0, 平均画素数:19135.3, 連続視認時間:10.3, 合計視認時間:10.3, 最後に見てからの経過時間:14.8
2022-12-27 21:24:06,383    DEBUG プログラム実行時間: 54.60813641548157
2022-12-27 21:24:06,384    DEBUG ID:1, 人, 画素数:87742.0, 平均画素数:71083.1, 連続視認時間:30.1, 合計視認時間:45.9, 最後に見てからの経過時間:0.0
2022-12-27 21:24:06,384    DEBUG ID:4, 携帯電話, 画素数:81167.0, 平均画素数:19135.3, 連続視認時間:10.3, 合計視認時間:10.3, 最後に見てからの経過時間:15.3
2022-12-27 21:24:06,940    DEBUG プログラム実行時間: 55.13705229759216
2022-12-27 21:24:06,940    DEBUG ID:1, 人, 画素数:85900.0, 平均画素数:71239.1, 連続視認時間:30.6, 合計視認時間:46.5, 最後に見てからの経過時間:0.0
2022-12-27 21:24:06,940    DEBUG ID:4, 携帯電話, 画素数:81167.0, 平均画素数:19135.3, 連続視認時間:10.3, 合計視認時間:10.3, 最後に見てからの経過時間:15.9
2022-12-27 21:24:07,504    DEBUG プログラム実行時間: 55.655686140060425
2022-12-27 21:24:07,505    DEBUG ID:1, 人, 画素数:87662.0, 平均画素数:71410.1, 連続視認時間:31.1, 合計視認時間:47.0, 最後に見てからの経過時間:0.0
2022-12-27 21:24:07,505    DEBUG ID:4, 携帯電話, 画素数:81167.0, 平均画素数:19135.3, 連続視認時間:10.3, 合計視認時間:10.3, 最後に見てからの経過時間:16.4
2022-12-27 21:24:08,015    DEBUG プログラム実行時間: 56.17393636703491
2022-12-27 21:24:08,015    DEBUG ID:1, 人, 画素数:87052.0, 平均画素数:71571.4, 連続視認時間:31.7, 合計視認時間:47.5, 最後に見てからの経過時間:0.0
2022-12-27 21:24:08,016    DEBUG ID:4, 携帯電話, 画素数:81167.0, 平均画素数:19135.3, 連続視認時間:10.3, 合計視認時間:10.3, 最後に見てからの経過時間:16.9
2022-12-27 21:24:08,510    DEBUG プログラム実行時間: 56.64626431465149
2022-12-27 21:24:08,511    DEBUG ID:1, 人, 画素数:82870.0, 平均画素数:71686.7, 連続視認時間:32.1, 合計視認時間:48.0, 最後に見てからの経過時間:0.0
2022-12-27 21:24:08,511    DEBUG ID:4, 携帯電話, 画素数:81167.0, 平均画素数:19135.3, 連続視認時間:10.3, 合計視認時間:10.3, 最後に見てからの経過時間:17.4
2022-12-27 21:24:09,021    DEBUG プログラム実行時間: 57.10608649253845
2022-12-27 21:24:09,022    DEBUG ID:1, 人, 画素数:71382.0, 平均画素数:71683.6, 連続視認時間:32.6, 合計視認時間:48.4, 最後に見てからの経過時間:0.0
2022-12-27 21:24:09,022    DEBUG ID:4, 携帯電話, 画素数:81167.0, 平均画素数:19135.3, 連続視認時間:10.3, 合計視認時間:10.3, 最後に見てからの経過時間:17.8
2022-12-27 21:24:09,457    DEBUG プログラム実行時間: 57.58141493797302
2022-12-27 21:24:09,458    DEBUG ID:1, 人, 画素数:71382.0, 平均画素数:71683.6, 連続視認時間:32.6, 合計視認時間:48.4, 最後に見てからの経過時間:0.5
2022-12-27 21:24:09,458    DEBUG ID:4, 携帯電話, 画素数:81167.0, 平均画素数:19135.3, 連続視認時間:10.3, 合計視認時間:10.3, 最後に見てからの経過時間:18.3
2022-12-27 21:24:09,944    DEBUG プログラム実行時間: 58.038453102111816
2022-12-27 21:24:09,944    DEBUG ID:1, 人, 画素数:71382.0, 平均画素数:71683.6, 連続視認時間:32.6, 合計視認時間:48.4, 最後に見てからの経過時間:0.9
2022-12-27 21:24:09,944    DEBUG ID:4, 携帯電話, 画素数:81167.0, 平均画素数:19135.3, 連続視認時間:10.3, 合計視認時間:10.3, 最後に見てからの経過時間:18.8
2022-12-27 21:24:10,347    DEBUG プログラム実行時間: 58.545597076416016
2022-12-27 21:24:10,348    DEBUG ID:1, 人, 画素数:71382.0, 平均画素数:71683.6, 連続視認時間:32.6, 合計視認時間:48.4, 最後に見てからの経過時間:1.4
2022-12-27 21:24:10,348    DEBUG ID:4, 携帯電話, 画素数:81167.0, 平均画素数:19135.3, 連続視認時間:10.3, 合計視認時間:10.3, 最後に見てからの経過時間:19.3
2022-12-27 21:24:10,790    DEBUG プログラム実行時間: 58.97057580947876
2022-12-27 21:24:10,791    DEBUG ID:1, 人, 画素数:71382.0, 平均画素数:71683.6, 連続視認時間:32.6, 合計視認時間:48.4, 最後に見てからの経過時間:1.9
2022-12-27 21:24:10,791    DEBUG ID:4, 携帯電話, 画素数:81167.0, 平均画素数:19135.3, 連続視認時間:10.3, 合計視認時間:10.3, 最後に見てからの経過時間:19.7
2022-12-27 21:24:11,206    DEBUG プログラム実行時間: 59.435089349746704
2022-12-27 21:24:11,207    DEBUG ID:1, 人, 画素数:71382.0, 平均画素数:71683.6, 連続視認時間:32.6, 合計視認時間:48.4, 最後に見てからの経過時間:2.3
2022-12-27 21:24:11,207    DEBUG ID:4, 携帯電話, 画素数:81167.0, 平均画素数:19135.3, 連続視認時間:10.3, 合計視認時間:10.3, 最後に見てからの経過時間:20.2
2022-12-27 21:24:11,641    DEBUG プログラム実行時間: 59.8722083568573
2022-12-27 21:24:11,641    DEBUG ID:1, 人, 画素数:71382.0, 平均画素数:71683.6, 連続視認時間:32.6, 合計視認時間:48.4, 最後に見てからの経過時間:2.8
2022-12-27 21:24:11,641    DEBUG ID:4, 携帯電話, 画素数:81167.0, 平均画素数:19135.3, 連続視認時間:10.3, 合計視認時間:10.3, 最後に見てからの経過時間:20.6
2022-12-27 21:24:12,144    DEBUG プログラム実行時間: 60.317206621170044
2022-12-27 21:24:12,145    DEBUG ID:1, 人, 画素数:71382.0, 平均画素数:71683.6, 連続視認時間:32.6, 合計視認時間:48.4, 最後に見てからの経過時間:3.2
2022-12-27 21:24:12,145    DEBUG ID:4, 携帯電話, 画素数:81167.0, 平均画素数:19135.3, 連続視認時間:10.3, 合計視認時間:10.3, 最後に見てからの経過時間:21.0
2022-12-27 21:24:12,753    DEBUG プログラム実行時間: 60.84157347679138
2022-12-27 21:24:12,754    DEBUG ID:1, 人, 画素数:79911.0, 平均画素数:71765.9, 連続視認時間:0.5, 合計視認時間:49.0, 最後に見てからの経過時間:0.0
2022-12-27 21:24:12,754    DEBUG ID:4, 携帯電話, 画素数:81167.0, 平均画素数:19135.3, 連続視認時間:10.3, 合計視認時間:10.3, 最後に見てからの経過時間:21.6
2022-12-27 21:24:13,244    DEBUG プログラム実行時間: 61.40349102020264
2022-12-27 21:24:13,245    DEBUG ID:1, 人, 画素数:78925.0, 平均画素数:71836.8, 連続視認時間:1.1, 合計視認時間:49.5, 最後に見てからの経過時間:0.0
2022-12-27 21:24:13,245    DEBUG ID:4, 携帯電話, 画素数:81167.0, 平均画素数:19135.3, 連続視認時間:10.3, 合計視認時間:10.3, 最後に見てからの経過時間:22.1
2022-12-27 21:24:13,709    DEBUG プログラム実行時間: 61.835371255874634
2022-12-27 21:24:13,709    DEBUG ID:1, 人, 画素数:79274.0, 平均画素数:71909.7, 連続視認時間:1.5, 合計視認時間:50.0, 最後に見てからの経過時間:0.0
2022-12-27 21:24:13,709    DEBUG ID:4, 携帯電話, 画素数:81167.0, 平均画素数:19135.3, 連続視認時間:10.3, 合計視認時間:10.3, 最後に見てからの経過時間:22.6
2022-12-27 21:24:14,238    DEBUG プログラム実行時間: 62.26252222061157
2022-12-27 21:24:14,238    DEBUG ID:1, 人, 画素数:79921.0, 平均画素数:71987.5, 連続視認時間:1.9, 合計視認時間:50.4, 最後に見てからの経過時間:0.0
2022-12-27 21:24:14,238    DEBUG ID:4, 携帯電話, 画素数:81167.0, 平均画素数:19135.3, 連続視認時間:10.3, 合計視認時間:10.3, 最後に見てからの経過時間:23.0
2022-12-27 21:24:14,714    DEBUG プログラム実行時間: 62.734546184539795
2022-12-27 21:24:14,715    DEBUG ID:1, 人, 画素数:79494.0, 平均画素数:72059.6, 連続視認時間:2.4, 合計視認時間:50.9, 最後に見てからの経過時間:0.0
2022-12-27 21:24:14,715    DEBUG ID:4, 携帯電話, 画素数:81167.0, 平均画素数:19135.3, 連続視認時間:10.3, 合計視認時間:10.3, 最後に見てからの経過時間:23.5
2022-12-27 21:24:15,323    DEBUG プログラム実行時間: 63.17309069633484
2022-12-27 21:24:15,324    DEBUG ID:1, 人, 画素数:80192.0, 平均画素数:72137.1, 連続視認時間:2.9, 合計視認時間:51.3, 最後に見てからの経過時間:0.0
2022-12-27 21:24:15,325    DEBUG ID:4, 携帯電話, 画素数:81167.0, 平均画素数:19135.3, 連続視認時間:10.3, 合計視認時間:10.3, 最後に見てからの経過時間:23.9
2022-12-27 21:24:15,983    DEBUG プログラム実行時間: 63.745670318603516
2022-12-27 21:24:15,983    DEBUG ID:1, 人, 画素数:79231.0, 平均画素数:72204.0, 連続視認時間:3.4, 合計視認時間:51.9, 最後に見てからの経過時間:0.0
2022-12-27 21:24:15,984    DEBUG ID:4, 携帯電話, 画素数:81167.0, 平均画素数:19135.3, 連続視認時間:10.3, 合計視認時間:10.3, 最後に見てからの経過時間:24.5
2022-12-27 21:24:16,474    DEBUG プログラム実行時間: 64.3643970489502
2022-12-27 21:24:16,474    DEBUG ID:1, 人, 画素数:84075.0, 平均画素数:72315.0, 連続視認時間:4.0, 合計視認時間:52.5, 最後に見てからの経過時間:0.0
2022-12-27 21:24:16,475    DEBUG ID:4, 携帯電話, 画素数:81167.0, 平均画素数:19135.3, 連続視認時間:10.3, 合計視認時間:10.3, 最後に見てからの経過時間:25.1
2022-12-27 21:24:17,004    DEBUG プログラム実行時間: 64.81522154808044
2022-12-27 21:24:17,004    DEBUG ID:1, 人, 画素数:87020.0, 平均画素数:72451.1, 連続視認時間:4.5, 合計視認時間:52.9, 最後に見てからの経過時間:0.0
2022-12-27 21:24:17,004    DEBUG ID:4, 携帯電話, 画素数:81167.0, 平均画素数:19135.3, 連続視認時間:10.3, 合計視認時間:10.3, 最後に見てからの経過時間:25.5
2022-12-27 21:24:17,488    DEBUG プログラム実行時間: 65.30822730064392
2022-12-27 21:24:17,488    DEBUG ID:1, 人, 画素数:90496.0, 平均画素数:72616.7, 連続視認時間:5.0, 合計視認時間:53.4, 最後に見てからの経過時間:0.0
2022-12-27 21:24:17,489    DEBUG ID:4, 携帯電話, 画素数:81167.0, 平均画素数:19135.3, 連続視認時間:10.3, 合計視認時間:10.3, 最後に見てからの経過時間:26.0
2022-12-27 21:24:17,972    DEBUG プログラム実行時間: 65.75620913505554
2022-12-27 21:24:17,972    DEBUG ID:1, 人, 画素数:88903.0, 平均画素数:72764.7, 連続視認時間:5.4, 合計視認時間:53.9, 最後に見てからの経過時間:0.0
2022-12-27 21:24:17,973    DEBUG ID:4, 携帯電話, 画素数:81167.0, 平均画素数:19135.3, 連続視認時間:10.3, 合計視認時間:10.3, 最後に見てからの経過時間:26.5
2022-12-27 21:24:18,524    DEBUG プログラム実行時間: 66.19889903068542
2022-12-27 21:24:18,525    DEBUG ID:1, 人, 画素数:87330.0, 平均画素数:72895.9, 連続視認時間:5.9, 合計視認時間:54.3, 最後に見てからの経過時間:0.0
2022-12-27 21:24:18,525    DEBUG ID:4, 携帯電話, 画素数:81167.0, 平均画素数:19135.3, 連続視認時間:10.3, 合計視認時間:10.3, 最後に見てからの経過時間:26.9
2022-12-27 21:24:19,003    DEBUG プログラム実行時間: 66.66737699508667
2022-12-27 21:24:19,004    DEBUG ID:1, 人, 画素数:88604.0, 平均画素数:73036.2, 連続視認時間:6.4, 合計視認時間:54.8, 最後に見てからの経過時間:0.0
2022-12-27 21:24:19,004    DEBUG ID:4, 携帯電話, 画素数:81167.0, 平均画素数:19135.3, 連続視認時間:10.3, 合計視認時間:10.3, 最後に見てからの経過時間:27.4
2022-12-27 21:24:19,554    DEBUG プログラム実行時間: 67.11007761955261
2022-12-27 21:24:19,555    DEBUG ID:1, 人, 画素数:91398.0, 平均画素数:73198.7, 連続視認時間:6.8, 合計視認時間:55.2, 最後に見てからの経過時間:0.0
2022-12-27 21:24:19,555    DEBUG ID:4, 携帯電話, 画素数:81167.0, 平均画素数:19135.3, 連続視認時間:10.3, 合計視認時間:10.3, 最後に見てからの経過時間:27.8
2022-12-27 21:24:20,180    DEBUG プログラム実行時間: 67.62299799919128
2022-12-27 21:24:20,180    DEBUG ID:1, 人, 画素数:87883.0, 平均画素数:73327.5, 連続視認時間:7.3, 合計視認時間:55.7, 最後に見てからの経過時間:0.0
2022-12-27 21:24:20,180    DEBUG ID:4, 携帯電話, 画素数:81167.0, 平均画素数:19135.3, 連続視認時間:10.3, 合計視認時間:10.3, 最後に見てからの経過時間:28.4
2022-12-27 21:24:20,712    DEBUG プログラム実行時間: 68.16152262687683
2022-12-27 21:24:20,712    DEBUG ID:1, 人, 画素数:88498.0, 平均画素数:73459.4, 連続視認時間:7.8, 合計視認時間:56.3, 最後に見てからの経過時間:0.0
2022-12-27 21:24:20,713    DEBUG ID:4, 携帯電話, 画素数:81167.0, 平均画素数:19135.3, 連続視認時間:10.3, 合計視認時間:10.3, 最後に見てからの経過時間:28.9
2022-12-27 21:24:21,202    DEBUG プログラム実行時間: 68.63300681114197
2022-12-27 21:24:21,203    DEBUG ID:1, 人, 画素数:89672.0, 平均画素数:73599.2, 連続視認時間:8.3, 合計視認時間:56.8, 最後に見てからの経過時間:0.0
2022-12-27 21:24:21,203    DEBUG ID:4, 携帯電話, 画素数:81167.0, 平均画素数:19135.3, 連続視認時間:10.3, 合計視認時間:10.3, 最後に見てからの経過時間:29.4
2022-12-27 21:24:21,747    DEBUG プログラム実行時間: 69.08125281333923
2022-12-27 21:24:21,747    DEBUG ID:1, 人, 画素数:90189.0, 平均画素数:73741.0, 連続視認時間:8.8, 合計視認時間:57.2, 最後に見てからの経過時間:0.0
2022-12-27 21:24:21,748    DEBUG ID:4, 携帯電話, 画素数:81167.0, 平均画素数:19135.3, 連続視認時間:10.3, 合計視認時間:10.3, 最後に見てからの経過時間:29.8
2023-01-06 19:40:42,335    DEBUG プログラム実行時間: 0
2023-01-06 19:40:42,811    DEBUG プログラム実行時間: 0.5079433917999268
2023-01-06 19:40:43,298    DEBUG プログラム実行時間: 0.9765193462371826
2023-01-06 19:40:43,748    DEBUG プログラム実行時間: 1.4579710960388184
2023-01-06 19:40:44,216    DEBUG プログラム実行時間: 1.9028830528259277
2023-01-06 19:40:44,689    DEBUG プログラム実行時間: 2.3650190830230713
2023-01-06 19:40:45,161    DEBUG プログラム実行時間: 2.8344762325286865
2023-01-06 19:40:45,666    DEBUG プログラム実行時間: 3.300433397293091
2023-01-06 19:40:46,107    DEBUG プログラム実行時間: 3.80088210105896
2023-01-06 19:40:46,589    DEBUG プログラム実行時間: 4.236379146575928
2023-01-06 19:40:47,034    DEBUG プログラム実行時間: 4.714818716049194
2023-01-06 19:40:47,491    DEBUG プログラム実行時間: 5.154263257980347
2023-01-06 19:40:47,957    DEBUG プログラム実行時間: 5.605973720550537
2023-01-06 19:40:48,398    DEBUG プログラム実行時間: 6.066094160079956
2023-01-06 19:40:48,847    DEBUG プログラム実行時間: 6.5024073123931885
2023-01-06 19:40:49,304    DEBUG プログラム実行時間: 6.9469544887542725
2023-01-06 19:40:49,759    DEBUG プログラム実行時間: 7.399324893951416
2023-01-06 19:40:50,221    DEBUG プログラム実行時間: 7.85002589225769
2023-01-06 19:40:50,672    DEBUG プログラム実行時間: 8.306857347488403
2023-01-06 19:40:51,117    DEBUG プログラム実行時間: 8.752223491668701
2023-01-06 19:40:51,582    DEBUG プログラム実行時間: 9.192732334136963
2023-01-06 19:40:52,066    DEBUG プログラム実行時間: 9.65303373336792
2023-01-06 19:40:52,513    DEBUG プログラム実行時間: 10.132485628128052
2023-01-06 19:40:52,996    DEBUG プログラム実行時間: 10.573670148849487
2023-01-06 19:40:53,487    DEBUG プログラム実行時間: 11.051722288131714
2023-01-06 19:40:53,942    DEBUG プログラム実行時間: 11.535404443740845
2023-01-06 19:40:54,398    DEBUG プログラム実行時間: 11.985487937927246
2023-01-06 19:40:54,882    DEBUG プログラム実行時間: 12.43683910369873
2023-01-06 19:40:55,370    DEBUG プログラム実行時間: 12.916543006896973
2023-01-06 19:40:55,842    DEBUG プログラム実行時間: 13.397329568862915
2023-01-06 19:40:56,363    DEBUG プログラム実行時間: 13.864269971847534
2023-01-06 19:40:56,869    DEBUG プログラム実行時間: 14.37833547592163
2023-01-06 19:40:57,354    DEBUG プログラム実行時間: 14.879190444946289
2023-01-06 19:40:57,849    DEBUG プログラム実行時間: 15.357813835144043
2023-01-06 19:40:58,336    DEBUG プログラム実行時間: 15.848010540008545
2023-01-06 19:40:58,796    DEBUG プログラム実行時間: 16.33013892173767
2023-01-06 19:40:59,263    DEBUG プログラム実行時間: 16.785910844802856
2023-01-06 19:40:59,741    DEBUG プログラム実行時間: 17.247994422912598
2023-01-06 19:41:00,233    DEBUG プログラム実行時間: 17.72167158126831
2023-01-06 19:41:00,697    DEBUG プログラム実行時間: 18.209007263183594
2023-01-06 19:41:01,172    DEBUG プログラム実行時間: 18.668997049331665
2023-01-06 19:41:01,636    DEBUG プログラム実行時間: 19.138652086257935
2023-01-06 19:41:02,110    DEBUG プログラム実行時間: 19.597801446914673
2023-01-06 19:41:02,581    DEBUG プログラム実行時間: 20.066232442855835
2023-01-06 19:41:03,048    DEBUG プログラム実行時間: 20.53164577484131
2023-01-06 19:41:03,499    DEBUG プログラム実行時間: 20.993683099746704
2023-01-06 19:41:03,975    DEBUG プログラム実行時間: 21.440021276474
2023-01-06 19:41:04,442    DEBUG プログラム実行時間: 21.911612272262573
2023-01-06 19:41:04,921    DEBUG プログラム実行時間: 22.3736674785614
2023-01-06 19:41:05,388    DEBUG プログラム実行時間: 22.847670555114746
2023-01-06 19:41:05,839    DEBUG プログラム実行時間: 23.30927085876465
2023-01-06 19:41:06,311    DEBUG プログラム実行時間: 23.754953861236572
2023-01-06 19:41:06,781    DEBUG プログラム実行時間: 24.22234582901001
2023-01-06 19:41:07,274    DEBUG プログラム実行時間: 24.688212871551514
2023-01-06 19:41:07,767    DEBUG プログラム実行時間: 25.174761533737183
2023-01-06 19:41:08,235    DEBUG プログラム実行時間: 25.663148641586304
2023-01-06 19:41:08,687    DEBUG プログラム実行時間: 26.125964879989624
2023-01-06 19:41:09,153    DEBUG プログラム実行時間: 26.57353448867798
2023-01-06 19:41:09,623    DEBUG プログラム実行時間: 27.0348117351532
2023-01-06 19:41:10,092    DEBUG プログラム実行時間: 27.499519109725952
2023-01-06 19:41:10,561    DEBUG プログラム実行時間: 27.963621139526367
2023-01-06 19:41:11,048    DEBUG プログラム実行時間: 28.426841259002686
2023-01-06 19:41:11,512    DEBUG プログラム実行時間: 28.908915519714355
2023-01-06 19:41:11,987    DEBUG プログラム実行時間: 29.367823600769043
2023-01-06 19:41:12,456    DEBUG プログラム実行時間: 29.837666034698486
2023-01-06 19:41:12,921    DEBUG プログラム実行時間: 30.301740169525146
2023-01-06 19:41:13,412    DEBUG プログラム実行時間: 30.76078510284424
2023-01-06 19:41:13,916    DEBUG プログラム実行時間: 31.245999097824097
2023-01-06 19:41:14,410    DEBUG プログラム実行時間: 31.744295358657837
2023-01-06 19:41:14,886    DEBUG プログラム実行時間: 32.233311891555786
2023-01-06 19:41:15,374    DEBUG プログラム実行時間: 32.703938007354736
2023-01-06 19:41:15,853    DEBUG プログラム実行時間: 33.18690514564514
2023-01-06 19:41:16,318    DEBUG プログラム実行時間: 33.66082549095154
2023-01-06 19:41:16,771    DEBUG プログラム実行時間: 34.12104058265686
2023-01-06 19:41:17,244    DEBUG プログラム実行時間: 34.56751561164856
2023-01-06 19:41:17,720    DEBUG プログラム実行時間: 35.034762382507324
2023-01-06 19:41:18,181    DEBUG プログラム実行時間: 35.50605058670044
2023-01-06 19:41:18,632    DEBUG プログラム実行時間: 35.961642265319824
2023-01-06 19:41:19,088    DEBUG プログラム実行時間: 36.407573223114014
2023-01-06 19:41:19,559    DEBUG プログラム実行時間: 36.85892653465271
2023-01-06 19:41:20,060    DEBUG プログラム実行時間: 37.32442569732666
2023-01-06 19:41:20,536    DEBUG プログラム実行時間: 37.8208281993866
2023-01-06 19:41:21,018    DEBUG プログラム実行時間: 38.29073190689087
2023-01-06 19:41:21,511    DEBUG プログラム実行時間: 38.76710343360901
2023-01-06 19:41:22,017    DEBUG プログラム実行時間: 39.25558161735535
